entry_id,entry_number,entry_name,entry_type,entry_role,entry_class,entry_status,germplasm_id,nRep
1,1,a,check,spatial check,,active,7371,1
2,2,b,check,spatial check,,active,8823,1
3,3,c,check,spatial check,,active,4997,1
4,4,d,check,spatial check,,active,6965,1
5,5,e,test,test,,active,7056,1
6,6,f,test,test,,active,5148,1
7,7,g,test,test,,active,6357,1
8,8,h,test,test,,active,6867,1
9,9,i,test,test,,active,6395,1
10,10,j,test,test,,active,8184,1
11,11,k,test,test,,active,9289,1
12,12,l,test,test,,active,6741,1
13,13,m,test,test,,active,5960,1
14,14,n,test,test,,active,8270,1
15,15,o,test,test,,active,6655,1
16,16,p,test,test,,active,6820,1
17,17,q,test,test,,active,6873,1
18,18,r,test,test,,active,7355,1
19,19,s,test,test,,active,6699,1
20,20,t,test,test,,active,7436,1
21,21,u,test,test,,active,7268,1
22,22,v,test,test,,active,6684,1
23,23,w,test,test,,active,7387,1
24,24,x,test,test,,active,7363,1
25,25,aa,test,test,,active,7364,1
26,26,ab,test,test,,active,7365,1
27,27,ac,test,test,,active,7366,1
28,28,ad,test,test,,active,7367,1
29,29,ae,test,test,,active,7368,1
30,30,af,test,test,,active,7369,1
31,31,ag,test,test,,active,7370,1
32,32,ah,test,test,,active,7372,1
33,33,ai,test,test,,active,7373,1
34,34,aj,test,test,,active,7374,1
35,35,ak,test,test,,active,7375,1
36,36,al,test,test,,active,7376,1
37,37,am,test,test,,active,7377,1
38,38,an,test,test,,active,7378,1
39,39,ao,test,test,,active,7379,1
40,40,ap,test,test,,active,7380,1
41,41,aq,test,test,,active,7381,1
42,42,ar,test,test,,active,7382,1
43,43,as,test,test,,active,7383,1
44,44,at,test,test,,active,7384,1
45,45,au,test,test,,active,7385,1
46,46,av,test,test,,active,7386,1
47,47,aw,test,test,,active,7388,1
48,48,ax,test,test,,active,7389,1
49,49,ba,test,test,,active,7390,1
50,50,bb,test,test,,active,7391,1
51,51,bc,test,test,,active,7392,1
52,52,bd,test,test,,active,7393,1
53,53,be,test,test,,active,7394,1
54,54,bf,test,test,,active,7395,1
55,55,bg,test,test,,active,7396,1
56,56,bh,test,test,,active,7397,1
57,57,bi,test,test,,active,7398,1
58,58,bj,test,test,,active,7399,1
59,59,bk,test,test,,active,7400,1
60,60,bl,test,test,,active,7401,1
61,61,bm,test,test,,active,7402,1
62,62,bn,test,test,,active,7403,1
63,63,bo,test,test,,active,7404,1
64,64,bp,test,test,,active,7405,1
65,65,bq,test,test,,active,7406,1
66,66,br,test,test,,active,7407,1
67,67,bs,test,test,,active,7408,1
68,68,bt,test,test,,active,7409,1
69,69,bu,test,test,,active,7410,1
70,70,bv,test,test,,active,7411,1
71,71,bw,test,test,,active,7412,1
72,72,bx,test,test,,active,7413,1
73,73,baa,test,test,,active,7414,1
74,74,bab,test,test,,active,7415,1
75,75,bac,test,test,,active,7416,1
76,76,bad,test,test,,active,7417,1
77,77,bae,test,test,,active,7418,1
78,78,baf,test,test,,active,7419,1
79,79,bag,test,test,,active,7420,1
80,80,bah,test,test,,active,7421,1
81,81,bai,test,test,,active,7422,1
82,82,baj,test,test,,active,7423,1
83,83,bak,test,test,,active,7424,1
84,84,bal,test,test,,active,7425,1
85,85,bam,test,test,,active,7426,1
86,86,ban,test,test,,active,7427,1
87,87,bao,test,test,,active,7428,1
88,88,bap,test,test,,active,7429,1
89,89,baq,test,test,,active,7430,1
90,90,bar,test,test,,active,7431,1
91,91,bas,test,test,,active,7432,1
92,92,bat,test,test,,active,7433,1
93,93,bau,test,test,,active,7434,1
94,94,bav,test,test,,active,7435,1
95,95,baw,test,test,,active,7437,1
96,96,bax,test,test,,active,7438,1
97,97,bba,test,test,,active,7439,1
98,98,bbb,test,test,,active,7440,1
99,99,bbc,test,test,,active,7441,1
100,100,bbd,test,test,,active,7442,1
101,101,bbe,test,test,,active,7443,1
102,102,bbf,test,test,,active,7444,1
103,103,bbg,test,test,,active,7445,1
104,104,bbh,test,test,,active,7446,1
105,105,bbi,test,test,,active,7447,1
106,106,bbj,test,test,,active,7448,1
107,107,bbk,test,test,,active,7449,1
108,108,bbl,test,test,,active,7450,1
109,109,bbm,test,test,,active,7451,1
110,110,bbn,test,test,,active,7452,1
111,111,bbo,test,test,,active,7453,1
112,112,bbp,test,test,,active,7454,1
113,113,bbq,test,test,,active,7455,1
114,114,bbr,test,test,,active,7456,1
115,115,bbs,test,test,,active,7457,1
116,116,bbt,test,test,,active,7458,1
117,117,bbu,test,test,,active,7459,1
118,118,bbv,test,test,,active,7460,1
119,119,bbw,test,test,,active,7461,1
120,120,bbx,test,test,,active,7462,1
121,121,bbaa,test,test,,active,7463,1
122,122,bbab,test,test,,active,7464,1
123,123,bbac,test,test,,active,7465,1
124,124,bbad,test,test,,active,7466,1
125,125,bbae,test,test,,active,7467,1
126,126,bbaf,test,test,,active,7468,1
127,127,bbag,test,test,,active,7469,1
128,128,bbah,test,test,,active,7470,1
129,129,bbai,test,test,,active,7471,1
130,130,bbaj,test,test,,active,7472,1
131,131,bbak,test,test,,active,7473,1
132,132,bbal,test,test,,active,7474,1
133,133,bbam,test,test,,active,7475,1
134,134,bban,test,test,,active,7476,1
135,135,bbao,test,test,,active,7477,1
136,136,bbap,test,test,,active,7478,1
137,137,bbaq,test,test,,active,7479,1
138,138,bbar,test,test,,active,7480,1
139,139,bbas,test,test,,active,7481,1
140,140,bbat,test,test,,active,7482,1
141,141,bbau,test,test,,active,7483,1
142,142,bbav,test,test,,active,7484,1
143,143,bbaw,test,test,,active,7485,1
144,144,bbax,test,test,,active,7486,1
145,145,bbba,test,test,,active,7487,1
146,146,bbbb,test,test,,active,7488,1
147,147,bbbc,test,test,,active,7489,1
148,148,bbbd,test,test,,active,7490,1
149,149,bbbe,test,test,,active,7491,1
150,150,bbbf,test,test,,active,7492,1
151,151,bbbg,test,test,,active,7493,1
152,152,bbbh,test,test,,active,7494,1
153,153,bbbi,test,test,,active,7495,1
154,154,bbbj,test,test,,active,7496,1
155,155,bbbk,test,test,,active,7497,1
156,156,bbbl,test,test,,active,7498,1
157,157,bbbm,test,test,,active,7499,1
158,158,bbbn,test,test,,active,7500,1
159,159,bbbo,test,test,,active,7501,1
160,160,bbbp,test,test,,active,7502,1
161,161,bbbq,test,test,,active,7503,1
162,162,bbbr,test,test,,active,7504,1
163,163,bbbs,test,test,,active,7505,1
164,164,bbbt,test,test,,active,7506,1
165,165,bbbu,test,test,,active,7507,1
166,166,bbbv,test,test,,active,7508,1
167,167,bbbw,test,test,,active,7509,1
168,168,bbbx,test,test,,active,7510,1
169,169,bbbaa,test,test,,active,7511,1
170,170,bbbab,test,test,,active,7512,1
171,171,bbbac,test,test,,active,7513,1
172,172,bbbad,test,test,,active,7514,1
173,173,bbbae,test,test,,active,7515,1
174,174,bbbaf,test,test,,active,7516,1
175,175,bbbag,test,test,,active,7517,1
176,176,bbbah,test,test,,active,7518,1
177,177,bbbai,test,test,,active,7519,1
178,178,bbbaj,test,test,,active,7520,1
179,179,bbbak,test,test,,active,7521,1
180,180,bbbal,test,test,,active,7522,1
181,181,bbbam,test,test,,active,7523,1
182,182,bbban,test,test,,active,7524,1
183,183,bbbao,test,test,,active,7525,1
184,184,bbbap,test,test,,active,7526,1
185,185,bbbaq,test,test,,active,7527,1
186,186,bbbar,test,test,,active,7528,1
187,187,bbbas,test,test,,active,7529,1
188,188,bbbat,test,test,,active,7530,1
189,189,bbbau,test,test,,active,7531,1
190,190,bbbav,test,test,,active,7532,1
191,191,bbbaw,test,test,,active,7533,1
192,192,bbbax,test,test,,active,7534,1
193,193,bbbba,test,test,,active,7535,1
194,194,bbbbb,test,test,,active,7536,1
195,195,bbbbc,test,test,,active,7537,1
196,196,bbbbd,test,test,,active,7538,1
197,197,bbbbe,test,test,,active,7539,1
198,198,bbbbf,test,test,,active,7540,1
199,199,bbbbg,test,test,,active,7541,1
200,200,bbbbh,test,test,,active,7542,1
201,201,bbbbi,test,test,,active,7543,1
202,202,bbbbj,test,test,,active,7544,1
203,203,bbbbk,test,test,,active,7545,1
204,204,bbbbl,test,test,,active,7546,1
205,205,bbbbm,test,test,,active,7547,1
206,206,bbbbn,test,test,,active,7548,1
207,207,bbbbo,test,test,,active,7549,1
208,208,bbbbp,test,test,,active,7550,1
209,209,bbbbq,test,test,,active,7551,1
210,210,bbbbr,test,test,,active,7552,1
211,211,bbbbs,test,test,,active,7553,1
212,212,bbbbt,test,test,,active,7554,1
213,213,bbbbu,test,test,,active,7555,1
214,214,bbbbv,test,test,,active,7556,1
215,215,bbbbw,test,test,,active,7557,1
216,216,bbbbx,test,test,,active,7558,1
217,217,bbbbaa,test,test,,active,7559,1
218,218,bbbbab,test,test,,active,7560,1
219,219,bbbbac,test,test,,active,7561,1
220,220,bbbbad,test,test,,active,7562,1
221,221,bbbbae,test,test,,active,7563,1
222,222,bbbbaf,test,test,,active,7564,1
223,223,bbbbag,test,test,,active,7565,1
224,224,bbbbah,test,test,,active,7566,1
225,225,bbbbai,test,test,,active,7567,1
226,226,bbbbaj,test,test,,active,7568,1
227,227,bbbbak,test,test,,active,7569,1
228,228,bbbbal,test,test,,active,7570,1
229,229,bbbbam,test,test,,active,7571,1
230,230,bbbban,test,test,,active,7572,1
231,231,bbbbao,test,test,,active,7573,1
232,232,bbbbap,test,test,,active,7574,1
233,233,bbbbaq,test,test,,active,7575,1
234,234,bbbbar,test,test,,active,7576,1
235,235,bbbbas,test,test,,active,7577,1
236,236,bbbbat,test,test,,active,7578,1
237,237,bbbbau,test,test,,active,7579,1
238,238,bbbbav,test,test,,active,7580,1
239,239,bbbbaw,test,test,,active,7581,1
240,240,bbbbax,test,test,,active,7582,1
241,241,bbbbba,test,test,,active,7583,1
242,242,bbbbbb,test,test,,active,7584,1
243,243,bbbbbc,test,test,,active,7585,1
244,244,bbbbbd,test,test,,active,7586,1
245,245,bbbbbe,test,test,,active,7587,1
246,246,bbbbbf,test,test,,active,7588,1
247,247,bbbbbg,test,test,,active,7589,1
248,248,bbbbbh,test,test,,active,7590,1
249,249,bbbbbi,test,test,,active,7591,1
250,250,bbbbbj,test,test,,active,7592,1
251,251,bbbbbk,test,test,,active,7593,1
252,252,bbbbbl,test,test,,active,7594,1
253,253,bbbbbm,test,test,,active,7595,1
254,254,bbbbbn,test,test,,active,7596,1
255,255,bbbbbo,test,test,,active,7597,1
256,256,bbbbbp,test,test,,active,7598,1
257,257,bbbbbq,test,test,,active,7599,1
258,258,bbbbbr,test,test,,active,7600,1
259,259,bbbbbs,test,test,,active,7601,1
260,260,bbbbbt,test,test,,active,7602,1
261,261,bbbbbu,test,test,,active,7603,1
262,262,bbbbbv,test,test,,active,7604,1
263,263,bbbbbw,test,test,,active,7605,1
264,264,bbbbbx,test,test,,active,7606,1
265,265,bbbbbaa,test,test,,active,7607,1
266,266,bbbbbab,test,test,,active,7608,1
267,267,bbbbbac,test,test,,active,7609,1
268,268,bbbbbad,test,test,,active,7610,1
269,269,bbbbbae,test,test,,active,7611,1
270,270,bbbbbaf,test,test,,active,7612,1
271,271,bbbbbag,test,test,,active,7613,1
272,272,bbbbbah,test,test,,active,7614,1
273,273,bbbbbai,test,test,,active,7615,1
274,274,bbbbbaj,test,test,,active,7616,1
275,275,bbbbbak,test,test,,active,7617,1
276,276,bbbbbal,test,test,,active,7618,1
277,277,bbbbbam,test,test,,active,7619,1
278,278,bbbbban,test,test,,active,7620,1
279,279,bbbbbao,test,test,,active,7621,1
280,280,bbbbbap,test,test,,active,7622,1
281,281,bbbbbaq,test,test,,active,7623,1
282,282,bbbbbar,test,test,,active,7624,1
283,283,bbbbbas,test,test,,active,7625,1
284,284,bbbbbat,test,test,,active,7626,1
285,285,bbbbbau,test,test,,active,7627,1
286,286,bbbbbav,test,test,,active,7628,1
287,287,bbbbbaw,test,test,,active,7629,1
288,288,bbbbbax,test,test,,active,7630,1
289,289,bbbbbba,test,test,,active,7631,1
290,290,bbbbbbb,test,test,,active,7632,1
291,291,bbbbbbc,test,test,,active,7633,1
292,292,bbbbbbd,test,test,,active,7634,1
293,293,bbbbbbe,test,test,,active,7635,1
294,294,bbbbbbf,test,test,,active,7636,1
295,295,bbbbbbg,test,test,,active,7637,1
296,296,bbbbbbh,test,test,,active,7638,1
297,297,bbbbbbi,test,test,,active,7639,1
298,298,bbbbbbj,test,test,,active,7640,1
299,299,bbbbbbk,test,test,,active,7641,1
300,300,bbbbbbl,test,test,,active,7642,1
301,301,bbbbbbm,test,test,,active,7643,1
302,302,bbbbbbn,test,test,,active,7644,1
303,303,bbbbbbo,test,test,,active,7645,1
304,304,bbbbbbp,test,test,,active,7646,1
305,305,bbbbbbq,test,test,,active,7647,1
306,306,bbbbbbr,test,test,,active,7648,1
307,307,bbbbbbs,test,test,,active,7649,1
308,308,bbbbbbt,test,test,,active,7650,1
309,309,bbbbbbu,test,test,,active,7651,1
310,310,bbbbbbv,test,test,,active,7652,1
311,311,bbbbbbw,test,test,,active,7653,1
312,312,bbbbbbx,test,test,,active,7654,1
313,313,bbbbbbaa,test,test,,active,7655,1
314,314,bbbbbbab,test,test,,active,7656,1
315,315,bbbbbbac,test,test,,active,7657,1
316,316,bbbbbbad,test,test,,active,7658,1
317,317,bbbbbbae,test,test,,active,7659,1
318,318,bbbbbbaf,test,test,,active,7660,1
319,319,bbbbbbag,test,test,,active,7661,1
320,320,bbbbbbah,test,test,,active,7662,1
321,321,bbbbbbai,test,test,,active,7663,1
322,322,bbbbbbaj,test,test,,active,7664,1
323,323,bbbbbbak,test,test,,active,7665,1
324,324,bbbbbbal,test,test,,active,7666,1
325,325,bbbbbbam,test,test,,active,7667,1
326,326,bbbbbban,test,test,,active,7668,1
327,327,bbbbbbao,test,test,,active,7669,1
328,328,bbbbbbap,test,test,,active,7670,1
329,329,bbbbbbaq,test,test,,active,7671,1
330,330,bbbbbbar,test,test,,active,7672,1
331,331,bbbbbbas,test,test,,active,7673,1
332,332,bbbbbbat,test,test,,active,7674,1
333,333,bbbbbbau,test,test,,active,7675,1
334,334,bbbbbbav,test,test,,active,7676,1
335,335,bbbbbbaw,test,test,,active,7677,1
336,336,bbbbbbax,test,test,,active,7678,1
337,337,bbbbbbba,test,test,,active,7679,1
338,338,bbbbbbbb,test,test,,active,7680,1
339,339,bbbbbbbc,test,test,,active,7681,1
340,340,bbbbbbbd,test,test,,active,7682,1
341,341,bbbbbbbe,test,test,,active,7683,1
342,342,bbbbbbbf,test,test,,active,7684,1
343,343,bbbbbbbg,test,test,,active,7685,1
344,344,bbbbbbbh,test,test,,active,7686,1
345,345,bbbbbbbi,test,test,,active,7687,1
346,346,bbbbbbbj,test,test,,active,7688,1
347,347,bbbbbbbk,test,test,,active,7689,1
348,348,bbbbbbbl,test,test,,active,7690,1
349,349,bbbbbbbm,test,test,,active,7691,1
350,350,bbbbbbbn,test,test,,active,7692,1
351,351,bbbbbbbo,test,test,,active,7693,1
352,352,bbbbbbbp,test,test,,active,7694,1
353,353,bbbbbbbq,test,test,,active,7695,1
354,354,bbbbbbbr,test,test,,active,7696,1
355,355,bbbbbbbs,test,test,,active,7697,1
356,356,bbbbbbbt,test,test,,active,7698,1
357,357,bbbbbbbu,test,test,,active,7699,1
358,358,bbbbbbbv,test,test,,active,7700,1
359,359,bbbbbbbw,test,test,,active,7701,1
360,360,bbbbbbbx,test,test,,active,7702,1
361,361,bbbbbbbaa,test,test,,active,7703,1
362,362,bbbbbbbab,test,test,,active,7704,1
363,363,bbbbbbbac,test,test,,active,7705,1
364,364,bbbbbbbad,test,test,,active,7706,1
365,365,bbbbbbbae,test,test,,active,7707,1
366,366,bbbbbbbaf,test,test,,active,7708,1
367,367,bbbbbbbag,test,test,,active,7709,1
368,368,bbbbbbbah,test,test,,active,7710,1
369,369,bbbbbbbai,test,test,,active,7711,1
370,370,bbbbbbbaj,test,test,,active,7712,1
371,371,bbbbbbbak,test,test,,active,7713,1
372,372,bbbbbbbal,test,test,,active,7714,1
373,373,bbbbbbbam,test,test,,active,7715,1
374,374,bbbbbbban,test,test,,active,7716,1
375,375,bbbbbbbao,test,test,,active,7717,1
376,376,bbbbbbbap,test,test,,active,7718,1
377,377,bbbbbbbaq,test,test,,active,7719,1
378,378,bbbbbbbar,test,test,,active,7720,1
379,379,bbbbbbbas,test,test,,active,7721,1
380,380,bbbbbbbat,test,test,,active,7722,1
381,381,bbbbbbbau,test,test,,active,7723,1
382,382,bbbbbbbav,test,test,,active,7724,1
383,383,bbbbbbbaw,test,test,,active,7725,1
384,384,bbbbbbbax,test,test,,active,7726,1
385,385,bbbbbbbba,test,test,,active,7727,1
386,386,bbbbbbbbb,test,test,,active,7728,1
387,387,bbbbbbbbc,test,test,,active,7729,1
388,388,bbbbbbbbd,test,test,,active,7730,1
389,389,bbbbbbbbe,test,test,,active,7731,1
390,390,bbbbbbbbf,test,test,,active,7732,1
391,391,bbbbbbbbg,test,test,,active,7733,1
392,392,bbbbbbbbh,test,test,,active,7734,1
393,393,bbbbbbbbi,test,test,,active,7735,1
394,394,bbbbbbbbj,test,test,,active,7736,1
395,395,bbbbbbbbk,test,test,,active,7737,1
396,396,bbbbbbbbl,test,test,,active,7738,1
397,397,bbbbbbbbm,test,test,,active,7739,1
398,398,bbbbbbbbn,test,test,,active,7740,1
399,399,bbbbbbbbo,test,test,,active,7741,1
400,400,bbbbbbbbp,test,test,,active,7742,1
401,401,bbbbbbbbq,test,test,,active,7743,1
402,402,bbbbbbbbr,test,test,,active,7744,1
403,403,bbbbbbbbs,test,test,,active,7745,1
404,404,bbbbbbbbt,test,test,,active,7746,1
405,405,bbbbbbbbu,test,test,,active,7747,1
406,406,bbbbbbbbv,test,test,,active,7748,1
407,407,bbbbbbbbw,test,test,,active,7749,1
408,408,bbbbbbbbx,test,test,,active,7750,1
409,409,bbbbbbbbt,test,test,,active,7751,1
410,410,bbbbbbbbu,test,test,,active,7752,1
411,411,bbbbbbbbv,test,test,,active,7753,1
412,412,bbbbbbbbw,test,test,,active,7754,1
413,413,bbbbbbbbx,test,test,,active,7755,1
414,414,bbbbbbbbt,test,test,,active,7756,1
415,415,bbbbbbbbu,test,test,,active,7757,1
416,416,bbbbbbbbv,test,test,,active,7758,1
417,417,bbbbbbbbw,test,test,,active,7759,1
418,418,bbbbbbbbx,test,test,,active,7760,1
419,419,bbbbbbbbt,test,test,,active,7761,1
420,420,bbbbbbbbu,test,test,,active,7762,1
421,421,bbbbbbbbv,test,test,,active,7763,1
422,422,bbbbbbbbw,test,test,,active,7764,1
423,423,bbbbbbbbx,test,test,,active,7765,1
424,424,bbbbbbbbt,test,test,,active,7766,1
425,425,bbbbbbbbu,test,test,,active,7767,1
426,426,bbbbbbbbv,test,test,,active,7768,1
427,427,bbbbbbbbw,test,test,,active,7769,1
428,428,bbbbbbbbx,test,test,,active,7770,1
429,429,bbbbbbbbt,test,test,,active,7771,1
430,430,bbbbbbbbu,test,test,,active,7772,1
431,431,bbbbbbbbv,test,test,,active,7773,1
432,432,bbbbbbbbw,test,test,,active,7774,1
433,433,bbbbbbbbx,test,test,,active,7775,1
434,434,bbbbbbbbt,test,test,,active,7776,1
435,435,bbbbbbbbu,test,test,,active,7777,1
436,436,bbbbbbbbv,test,test,,active,7778,1
437,437,bbbbbbbbw,test,test,,active,7779,1
438,438,bbbbbbbbx,test,test,,active,7780,1
439,439,bbbbbbbbt,test,test,,active,7781,1
440,440,bbbbbbbbu,test,test,,active,7782,1
441,441,bbbbbbbbv,test,test,,active,7783,1
442,442,bbbbbbbbw,test,test,,active,7784,1
443,443,bbbbbbbbx,test,test,,active,7785,1
444,444,bbbbbbbbt,test,test,,active,7786,1
445,445,bbbbbbbbu,test,test,,active,7787,1
446,446,bbbbbbbbv,test,test,,active,7788,1
447,447,bbbbbbbbw,test,test,,active,7789,1
448,448,bbbbbbbbx,test,test,,active,7790,1
449,449,bbbbbbbbt,test,test,,active,7791,1
450,450,bbbbbbbbu,test,test,,active,7792,1
451,451,bbbbbbbbv,test,test,,active,7793,1
452,452,bbbbbbbbw,test,test,,active,7794,1
453,453,bbbbbbbbx,test,test,,active,7795,1
454,454,bbbbbbbbt,test,test,,active,7796,1
455,455,bbbbbbbbu,test,test,,active,7797,1
456,456,bbbbbbbbv,test,test,,active,7798,1
457,457,bbbbbbbbw,test,test,,active,7799,1
458,458,bbbbbbbbx,test,test,,active,7800,1
459,459,bbbbbbbbt,test,test,,active,7801,1
460,460,bbbbbbbbu,test,test,,active,7802,1
461,461,bbbbbbbbv,test,test,,active,7803,1
462,462,bbbbbbbbw,test,test,,active,7804,1
463,463,bbbbbbbbx,test,test,,active,7805,1
464,464,bbbbbbbbt,test,test,,active,7806,1
465,465,bbbbbbbbu,test,test,,active,7807,1
466,466,bbbbbbbbv,test,test,,active,7808,1
467,467,bbbbbbbbw,test,test,,active,7809,1
468,468,bbbbbbbbx,test,test,,active,7810,1
469,469,bbbbbbbbt,test,test,,active,7811,1
470,470,bbbbbbbbu,test,test,,active,7812,1
471,471,bbbbbbbbv,test,test,,active,7813,1
472,472,bbbbbbbbw,test,test,,active,7814,1
473,473,bbbbbbbbx,test,test,,active,7815,1
474,474,bbbbbbbbt,test,test,,active,7816,1
475,475,bbbbbbbbu,test,test,,active,7817,1
476,476,bbbbbbbbv,test,test,,active,7818,1
477,477,bbbbbbbbw,test,test,,active,7819,1
478,478,bbbbbbbbx,test,test,,active,7820,1
479,479,bbbbbbbbt,test,test,,active,7821,1
480,480,bbbbbbbbu,test,test,,active,7822,1
481,481,bbbbbbbbv,test,test,,active,7823,1
482,482,bbbbbbbbw,test,test,,active,7824,1
483,483,bbbbbbbbx,test,test,,active,7825,1
484,484,bbbbbbbbt,test,test,,active,7826,1
485,485,bbbbbbbbu,test,test,,active,7827,1
486,486,bbbbbbbbv,test,test,,active,7828,1
487,487,bbbbbbbbw,test,test,,active,7829,1
488,488,bbbbbbbbx,test,test,,active,7830,1
489,489,bbbbbbbbt,test,test,,active,7831,1
490,490,bbbbbbbbu,test,test,,active,7832,1
491,491,bbbbbbbbv,test,test,,active,7833,1
492,492,bbbbbbbbw,test,test,,active,7834,1
493,493,bbbbbbbbx,test,test,,active,7835,1
494,494,bbbbbbbbt,test,test,,active,7836,1
495,495,bbbbbbbbu,test,test,,active,7837,1
496,496,bbbbbbbbv,test,test,,active,7838,1
497,497,bbbbbbbbw,test,test,,active,7839,1
498,498,bbbbbbbbx,test,test,,active,7840,1
499,499,bbbbbbbbt,test,test,,active,7841,1
500,500,bbbbbbbbu,test,test,,active,7842,1
501,501,bbbbbbbbv,test,test,,active,7843,1
502,502,bbbbbbbbw,test,test,,active,7844,1
503,503,bbbbbbbbx,test,test,,active,7845,1
504,504,bbbbbbbbt,test,test,,active,7846,1
505,505,bbbbbbbbu,test,test,,active,7847,1
506,506,bbbbbbbbv,test,test,,active,7848,1
507,507,bbbbbbbbw,test,test,,active,7849,1
508,508,bbbbbbbbx,test,test,,active,7850,1